  BouncingBall.cpp
C:\Задачи по програмиране\C\C++\SFML\SFML-64-bit\Bouncing ball\BouncingBall.cpp(9,67): warning C4244: 'argument': conversion from 'T' to 'float', possible loss of data
C:\Задачи по програмиране\C\C++\SFML\SFML-64-bit\Bouncing ball\BouncingBall.cpp(9,67): warning C4244:         with
C:\Задачи по програмиране\C\C++\SFML\SFML-64-bit\Bouncing ball\BouncingBall.cpp(9,67): warning C4244:         [
C:\Задачи по програмиране\C\C++\SFML\SFML-64-bit\Bouncing ball\BouncingBall.cpp(9,67): warning C4244:             T=unsigned int
C:\Задачи по програмиране\C\C++\SFML\SFML-64-bit\Bouncing ball\BouncingBall.cpp(9,67): warning C4244:         ]
C:\Задачи по програмиране\C\C++\SFML\SFML-64-bit\Bouncing ball\BouncingBall.cpp(9,43): warning C4244: 'argument': conversion from 'T' to 'float', possible loss of data
C:\Задачи по програмиране\C\C++\SFML\SFML-64-bit\Bouncing ball\BouncingBall.cpp(9,43): warning C4244:         with
C:\Задачи по програмиране\C\C++\SFML\SFML-64-bit\Bouncing ball\BouncingBall.cpp(9,43): warning C4244:         [
C:\Задачи по програмиране\C\C++\SFML\SFML-64-bit\Bouncing ball\BouncingBall.cpp(9,43): warning C4244:             T=unsigned int
C:\Задачи по програмиране\C\C++\SFML\SFML-64-bit\Bouncing ball\BouncingBall.cpp(9,43): warning C4244:         ]
C:\Задачи по програмиране\C\C++\SFML\SFML-64-bit\Bouncing ball\BouncingBall.cpp(13,68): warning C4244: 'argument': conversion from 'T' to 'float', possible loss of data
C:\Задачи по програмиране\C\C++\SFML\SFML-64-bit\Bouncing ball\BouncingBall.cpp(13,68): warning C4244:         with
C:\Задачи по програмиране\C\C++\SFML\SFML-64-bit\Bouncing ball\BouncingBall.cpp(13,68): warning C4244:         [
C:\Задачи по програмиране\C\C++\SFML\SFML-64-bit\Bouncing ball\BouncingBall.cpp(13,68): warning C4244:             T=unsigned int
C:\Задачи по програмиране\C\C++\SFML\SFML-64-bit\Bouncing ball\BouncingBall.cpp(13,68): warning C4244:         ]
C:\Задачи по програмиране\C\C++\SFML\SFML-64-bit\Bouncing ball\BouncingBall.cpp(13,44): warning C4244: 'argument': conversion from 'T' to 'float', possible loss of data
C:\Задачи по програмиране\C\C++\SFML\SFML-64-bit\Bouncing ball\BouncingBall.cpp(13,44): warning C4244:         with
C:\Задачи по програмиране\C\C++\SFML\SFML-64-bit\Bouncing ball\BouncingBall.cpp(13,44): warning C4244:         [
C:\Задачи по програмиране\C\C++\SFML\SFML-64-bit\Bouncing ball\BouncingBall.cpp(13,44): warning C4244:             T=unsigned int
C:\Задачи по програмиране\C\C++\SFML\SFML-64-bit\Bouncing ball\BouncingBall.cpp(13,44): warning C4244:         ]
C:\Задачи по програмиране\C\C++\SFML\SFML-64-bit\Bouncing ball\BouncingBall.cpp(14,21): warning C4305: 'initializing': truncation from 'double' to 'float'
C:\Задачи по програмиране\C\C++\SFML\SFML-64-bit\Bouncing ball\BouncingBall.cpp(31,19): warning C4244: 'initializing': conversion from 'double' to 'float', possible loss of data
  Bouncing ball.vcxproj -> C:\Задачи по програмиране\C\C++\SFML\SFML-64-bit\Bouncing ball\x64\Debug\Bouncing ball.exe
